#
# A fatal error has been detected by the Java Runtime Environment:
#
#  EXCEPTION_ACCESS_VIOLATION (0xc0000005) at pc=0x76fb2d37, pid=5812, tid=4952
#
# JRE version: 6.0_45-b06
# Java VM: Java HotSpot(TM) Client VM (20.45-b01 mixed mode, sharing windows-x86 )
# Problematic frame:
# C  [ntdll.dll+0x52d37]
#
# If you would like to submit a bug report, please visit:
#   http://java.sun.com/webapps/bugreport/crash.jsp
# The crash happened outside the Java Virtual Machine in native code.
# See problematic frame for where to report the bug.
#

---------------  T H R E A D  ---------------

Current thread (0x018d3c00):  JavaThread "Thread-4" [_thread_in_native, id=4952, stack(0x05b70000,0x05bc0000)]

siginfo: ExceptionCode=0xc0000005, reading address 0x45cc68bf

Registers:
EAX=0x00000000, EBX=0x05bc0078, ECX=0x04550000, EDX=0x05bc0078
ESP=0x05bbf830, EBP=0x05bbf864, ESI=0x45cc68bb, EDI=0x05bc0070
EIP=0x76fb2d37, EFLAGS=0x00010206

Top of Stack: (sp=0x05bbf830)
0x05bbf830:   00000000 04550000 05bc0078 0470dd1c
0x05bbf840:   0470db68 00000001 0470dc90 05bbf864
0x05bbf850:   76fb2ce8 0470dc98 0470dd1c 00000000
0x05bbf860:   05bc0070 05bbf87c 76fb2ce8 05bc0078
0x05bbf870:   00000000 00000000 05bc0070 05bbf890
0x05bbf880:   765a2d50 04550000 00000000 05bc0078
0x05bbf890:   05bbf8a0 765a38ef 05bc0078 05bc0078
0x05bbf8a0:   05bbf8c0 765a38d0 00000001 765a3986 

Instructions: (pc=0x76fb2d37)
0x76fb2d17:   7a f8 80 7f 07 05 0f 84 8c f2 03 00 8b 07 8b f7
0x76fb2d27:   c1 ee 03 33 f0 33 35 dc 71 03 77 89 7d fc 33 f1
0x76fb2d37:   8b 46 04 89 45 f4 c6 47 07 80 c6 47 06 00 8b 5e
0x76fb2d47:   08 8b 4e 0c 89 5d e0 83 c3 01 89 4d e4 83 d1 01 


Register to memory mapping:

EAX=0x00000000 is an unknown value
EBX=0x05bc0078 is an unknown value
ECX=0x04550000 is an unknown value
EDX=0x05bc0078 is an unknown value
ESP=0x05bbf830 is pointing into the stack for thread: 0x018d3c00
EBP=0x05bbf864 is pointing into the stack for thread: 0x018d3c00
ESI=0x45cc68bb is an unknown value
EDI=0x05bc0070 is an unknown value


Stack: [0x05b70000,0x05bc0000],  sp=0x05bbf830,  free space=318k
Native frames: (J=compiled Java code, j=interpreted, Vv=VM code, C=native code)
C  [ntdll.dll+0x52d37]  RtlFreeHeap+0xcd
C  [ntdll.dll+0x52ce8]  RtlFreeHeap+0x7e
C  [WS2_32.dll+0x2d50]  Ordinal490+0x2d50
C  [WS2_32.dll+0x38ef]  WSASetLastError+0x116
C  [WS2_32.dll+0x38d0]  WSASetLastError+0xf7
C  [net.dll+0x7c9b]  NET_BindV6+0x155
C  [net.dll+0x60b1]  Java_java_net_PlainSocketImpl_socketBind+0xf3
J  java.net.PlainSocketImpl.socketBind(Ljava/net/InetAddress;I)V
J  java.net.PlainSocketImpl.bind(Ljava/net/InetAddress;I)V
v  ~StubRoutines::call_stub
V  [jvm.dll+0xfb88b]
V  [jvm.dll+0x18d551]
V  [jvm.dll+0xfba31]
V  [jvm.dll+0xfba8b]
V  [jvm.dll+0xb5e89]
V  [jvm.dll+0x119b74]
V  [jvm.dll+0x14217c]
C  [msvcr71.dll+0x9565]  endthreadex+0xa0
C  [kernel32.dll+0x4ee1c]  BaseThreadInitThunk+0x12
C  [ntdll.dll+0x637eb]  RtlInitializeExceptionChain+0xef
C  [ntdll.dll+0x637be]  RtlInitializeExceptionChain+0xc2

Java frames: (J=compiled Java code, j=interpreted, Vv=VM code)
J  java.net.PlainSocketImpl.socketBind(Ljava/net/InetAddress;I)V
J  java.net.PlainSocketImpl.bind(Ljava/net/InetAddress;I)V
J  java.net.ServerSocket.bind(Ljava/net/SocketAddress;I)V
J  java.net.ServerSocket.<init>(IILjava/net/InetAddress;)V
J  java.net.ServerSocket.<init>(I)V
j  User.ThreadListenerRecv.run()V+22
v  ~StubRoutines::call_stub

---------------  P R O C E S S  ---------------

Java Threads: ( => current thread )
  0x018d4000 JavaThread "DestroyJavaVM" [_thread_blocked, id=2220, stack(0x00370000,0x003c0000)]
=>0x018d3c00 JavaThread "Thread-4" [_thread_in_native, id=4952, stack(0x05b70000,0x05bc0000)]
  0x018d3400 JavaThread "Thread-3" [_thread_in_native, id=3988, stack(0x05b20000,0x05b70000)]
  0x018d2c00 JavaThread "Image Fetcher 1" daemon [_thread_blocked, id=5112, stack(0x055d0000,0x05620000)]
  0x018d2800 JavaThread "Image Fetcher 0" daemon [_thread_blocked, id=4760, stack(0x05580000,0x055d0000)]
  0x018d2000 JavaThread "TimerQueue" daemon [_thread_blocked, id=5668, stack(0x04790000,0x047e0000)]
  0x018d1c00 JavaThread "AWT-EventQueue-0" [_thread_blocked, id=5836, stack(0x042d0000,0x04320000)]
  0x018d1400 JavaThread "AWT-Windows" daemon [_thread_in_native, id=2656, stack(0x04200000,0x04250000)]
  0x018d1000 JavaThread "AWT-Shutdown" [_thread_blocked, id=740, stack(0x041b0000,0x04200000)]
  0x018d0800 JavaThread "Java2D Disposer" daemon [_thread_blocked, id=6032, stack(0x04160000,0x041b0000)]
  0x018d0000 JavaThread "Low Memory Detector" daemon [_thread_blocked, id=5368, stack(0x03cf0000,0x03d40000)]
  0x018a9800 JavaThread "C1 CompilerThread0" daemon [_thread_blocked, id=5336, stack(0x03ca0000,0x03cf0000)]
  0x018a8c00 JavaThread "Attach Listener" daemon [_thread_blocked, id=5676, stack(0x03c50000,0x03ca0000)]
  0x018a5800 JavaThread "Signal Dispatcher" daemon [_thread_blocked, id=4968, stack(0x03c00000,0x03c50000)]
  0x0189e400 JavaThread "Finalizer" daemon [_thread_blocked, id=5296, stack(0x03bb0000,0x03c00000)]
  0x01899c00 JavaThread "Reference Handler" daemon [_thread_blocked, id=3172, stack(0x03b60000,0x03bb0000)]

Other Threads:
  0x0185d400 VMThread [stack: 0x03b10000,0x03b60000] [id=2328]
  0x018ae800 WatcherThread [stack: 0x03d40000,0x03d90000] [id=3660]

VM state:not at safepoint (normal execution)

VM Mutex/Monitor currently owned by a thread: None

Heap
 def new generation   total 4928K, used 981K [0x27010000, 0x27560000, 0x2c560000)
  eden space 4416K,  18% used [0x27010000, 0x270dad10, 0x27460000)
  from space 512K,  33% used [0x27460000, 0x2748a9a8, 0x274e0000)
  to   space 512K,   0% used [0x274e0000, 0x274e0000, 0x27560000)
 tenured generation   total 10944K, used 7497K [0x2c560000, 0x2d010000, 0x37010000)
   the space 10944K,  68% used [0x2c560000, 0x2ccb24e8, 0x2ccb2600, 0x2d010000)
 compacting perm gen  total 12288K, used 2445K [0x37010000, 0x37c10000, 0x3b010000)
   the space 12288K,  19% used [0x37010000, 0x372736a0, 0x37273800, 0x37c10000)
    ro space 10240K,  55% used [0x3b010000, 0x3b593dd8, 0x3b593e00, 0x3ba10000)
    rw space 12288K,  55% used [0x3ba10000, 0x3c0b6cd0, 0x3c0b6e00, 0x3c610000)

Code Cache  [0x01a00000, 0x01b48000, 0x03a00000)
 total_blobs=736 nmethods=525 adapters=147 free_code_cache=32235584 largest_free_block=0

Dynamic libraries:
0x00400000 - 0x00425000 	C:\Java\jdk1.6.0_45\bin\javaw.exe
0x76f60000 - 0x7709c000 	C:\Windows\SYSTEM32\ntdll.dll
0x765e0000 - 0x766b4000 	C:\Windows\system32\kernel32.dll
0x75250000 - 0x7529b000 	C:\Windows\system32\KERNELBASE.dll
0x76ce0000 - 0x76d80000 	C:\Windows\system32\ADVAPI32.dll
0x770e0000 - 0x7718c000 	C:\Windows\system32\msvcrt.dll
0x770b0000 - 0x770c9000 	C:\Windows\SYSTEM32\sechost.dll
0x76eb0000 - 0x76f52000 	C:\Windows\system32\RPCRT4.dll
0x764d0000 - 0x76599000 	C:\Windows\system32\USER32.dll
0x76e10000 - 0x76e5e000 	C:\Windows\system32\GDI32.dll
0x752d0000 - 0x752da000 	C:\Windows\system32\LPK.dll
0x766c0000 - 0x7675d000 	C:\Windows\system32\USP10.dll
0x76a70000 - 0x76a8f000 	C:\Windows\system32\IMM32.DLL
0x768c0000 - 0x7698c000 	C:\Windows\system32\MSCTF.dll
0x7c340000 - 0x7c396000 	C:\Java\jdk1.6.0_45\jre\bin\msvcr71.dll
0x6d8e0000 - 0x6db90000 	C:\Java\jdk1.6.0_45\jre\bin\client\jvm.dll
0x72db0000 - 0x72de2000 	C:\Windows\system32\WINMM.dll
0x74e80000 - 0x74ecc000 	C:\Windows\system32\apphelp.dll
0x6d890000 - 0x6d89c000 	C:\Java\jdk1.6.0_45\jre\bin\verify.dll
0x6d3e0000 - 0x6d3ff000 	C:\Java\jdk1.6.0_45\jre\bin\java.dll
0x6d8d0000 - 0x6d8df000 	C:\Java\jdk1.6.0_45\jre\bin\zip.dll
0x6d0b0000 - 0x6d1fc000 	C:\Java\jdk1.6.0_45\jre\bin\awt.dll
0x724b0000 - 0x72501000 	C:\Windows\system32\WINSPOOL.DRV
0x76760000 - 0x768bc000 	C:\Windows\system32\ole32.dll
0x73b60000 - 0x73cfe000 	C:\Windows\WinSxS\x86_microsoft.windows.common-controls_6595b64144ccf1df_6.0.7601.17514_none_41e6975e2bd6f2b2\COMCTL32.dll
0x76990000 - 0x769e7000 	C:\Windows\system32\SHLWAPI.dll
0x72cd0000 - 0x72ce3000 	C:\Windows\system32\DWMAPI.DLL
0x73090000 - 0x730d0000 	C:\Windows\system32\uxtheme.dll
0x6d2e0000 - 0x6d336000 	C:\Java\jdk1.6.0_45\jre\bin\fontmanager.dll
0x10000000 - 0x10039000 	C:\Program Files\Samsung\Movie Color Enhancer\WinCRT.dll
0x762b0000 - 0x7633f000 	C:\Windows\system32\OLEAUT32.dll
0x6d4e0000 - 0x6d549000 	C:\Windows\system32\IMKR12.IME
0x75660000 - 0x762aa000 	C:\Windows\system32\SHELL32.dll
0x6f0d0000 - 0x6f16b000 	C:\Windows\WinSxS\x86_microsoft.vc80.crt_1fc8b3b9a1e18e3b_8.0.50727.4940_none_d08cc06a442b34fc\MSVCR80.dll
0x6d450000 - 0x6d4d7000 	C:\Windows\WinSxS\x86_microsoft.vc80.crt_1fc8b3b9a1e18e3b_8.0.50727.4940_none_d08cc06a442b34fc\MSVCP80.dll
0x74ed0000 - 0x74edc000 	C:\Windows\system32\CRYPTBASE.dll
0x6d6c0000 - 0x6d6d3000 	C:\Java\jdk1.6.0_45\jre\bin\net.dll
0x765a0000 - 0x765d5000 	C:\Windows\system32\WS2_32.dll
0x75650000 - 0x75656000 	C:\Windows\system32\NSI.dll
0x749b0000 - 0x749ec000 	C:\Windows\system32\mswsock.dll
0x749a0000 - 0x749a6000 	C:\Windows\System32\wship6.dll
0x6d6e0000 - 0x6d6e9000 	C:\Java\jdk1.6.0_45\jre\bin\nio.dll
0x04440000 - 0x04478000 	C:\Program Files\WIDCOMM\Bluetooth Software\btmmhook.dll
0x770a0000 - 0x770a5000 	C:\Windows\system32\PSAPI.DLL
0x04590000 - 0x045b5000 	C:\Java\jdk1.6.0_45\jre\bin\jpeg.dll
0x76d80000 - 0x76e03000 	C:\Windows\system32\CLBCatQ.DLL
0x6ca40000 - 0x6cada000 	C:\PROGRA~1\COMMON~1\MICROS~1\IME12\IMEKR\IMKRTIP.DLL
0x6c990000 - 0x6ca35000 	C:\PROGRA~1\COMMON~1\MICROS~1\IME12\SHARED\IMETIP.DLL
0x046b0000 - 0x046d2000 	C:\PROGRA~1\COMMON~1\MICROS~1\IME12\IMEKR\IMKRAPI.DLL
0x74450000 - 0x74459000 	C:\Windows\system32\VERSION.dll
0x6c960000 - 0x6c98c000 	C:\PROGRA~1\COMMON~1\MICROS~1\IME12\SHARED\IMJKAPI.DLL
0x744e0000 - 0x744e5000 	C:\Windows\System32\wshtcpip.dll

VM Arguments:
jvm_args: -Dfile.encoding=MS949 
java_command: User.StartUserProc
Launcher Type: SUN_STANDARD

Environment Variables:
JAVA_HOME=C:\Java\jdk1.6.0_45
PATH=C:\Java\jdk1.6.0_45\bin;C:\oracle\ora92\bin;C:\Windows\system32;C:\Windows;C:\Windows\System32\Wbem;C:\Windows\System32\WindowsPowerShell\v1.0;C:\Program Files\Broadcom\Broadcom 802.11 Network Adapter\Driver;C:\Program Files\WIDCOMM\Bluetooth Software;C:\Program Files\ESTsoft\ALZip;D:\IFUser32\IFUser32\Debug;C:\Program Files\Microsoft Visual Studio\Common\Tools\WinNT;C:\Program Files\Microsoft Visual Studio\Common\MSDev98\Bin;C:\Program Files\Microsoft Visual Studio\Common\Tools;C:\Program Files\Microsoft Visual Studio\VC98\bin;C:\TmaxSoft\JEUS7.0\bin;C:\TmaxSoft\JEUS7.0\webserver\bin;C:\TmaxSoft\JEUS7.0\lib\system;C:\Program Files\IDM Computer Solutions\UltraEdit-32;C:\Program Files\ESTsoft\ALZip;D:\IFUser32\IFUser32\Debug
USERNAME=hmkim
OS=Windows_NT
PROCESSOR_IDENTIFIER=x86 Family 6 Model 42 Stepping 7, GenuineIntel



---------------  S Y S T E M  ---------------

OS: Windows 7 Build 7601 Service Pack 1

CPU:total 4 (2 cores per cpu, 2 threads per core) family 6 model 42 stepping 7, cmov, cx8, fxsr, mmx, sse, sse2, sse3, ssse3, sse4.1, sse4.2, popcnt, ht

Memory: 4k page, physical 3055664k(1716676k free), swap 6109576k(4346060k free)

vm_info: Java HotSpot(TM) Client VM (20.45-b01) for windows-x86 JRE (1.6.0_45-b06), built on Mar 26 2013 13:40:03 by "java_re" with MS VC++ 7.1 (VS2003)

time: Fri Oct 03 17:43:07 2014
elapsed time: 6 seconds

