(D) [22:23:19][DBManager.java:133]  SELECT APPL_CODE , LU_NAME , CONNECT_TYPE , STA_TYPE, COMM_HEAD_TYPE , COMM_HEAD_SIZE ,         LEN_TYPE  , LEN_OFFST , LEN_SIZE , KIND_OFFSET , KIND_LEN , TX_OFFSET , TX_LEN , KINDTX_GAGAM
 FROM TCHECKER_LINEINFO                                                            
 ORDER BY APPL_CODE , LU_NAME , CONNECT_TYPE                                       
(D) [22:23:25][DBManager.java:133]  SELECT count(*)                           
 FROM TCHECKER_TXDETAIL T, ALTX A        
 Where T.APPL_CODE = 'AP01' 
   and T.MAP_FLAG  = 'H'                 
   and T.APPL_CODE = A.TX_CODE           
   and T.KIND_CODE = A.REP_KIND_CODE     
   and T.TX_CODE   = A.TX_CODE           
(D) [22:23:25][DBManager.java:133]  SELECT NVL(INOUT_FLAG,'N'), NVL(MAP_FLAG,'B')  
 FROM TCHECKER_TXDETAIL                         
 Where APPL_CODE    = 'AP01' 
   AND KIND_CODE    = '0200' 
   AND TX_CODE      = '500001' 
(D) [22:23:25][DBManager.java:133]    select  NVL(A.REQ_HEAD_MAPP_CLASS, C.REQ_HEAD_MAPP_CLASS) 
       , NVL(A.RES_HEAD_MAPP_CLASS, C.RES_HEAD_MAPP_CLASS) 
       , A.REQ_BODY_MAPP_CLASS                             
       , A.RES_BODY_MAPP_CLASS                             
 from ALTX A , ALKIND B , ALAPPL C                         
 where A.APPL_CODE = 'AP01'                   
   and A.REP_KIND_CODE = '0200'               
   and A.TX_CODE = '500001'                       
   and A.APPL_CODE = C.APPL_CODE                           
   and A.REP_KIND_CODE = B.REP_KIND_CODE                   
   and B.APPL_CODE = C.APPL_CODE                           
   and A.STA_TYPE = '1'                                    
(D) [22:23:25][DBManager.java:133] select CLASS_NAME,SRC_CLASS_NAME,DST_CLASS_NAME,MAP_NAME from ALTXMAP 
 where  CLASS_NAME in ('comm_ap01_req_map', 'ap01_0200_500001_req_map') 
(D) [22:23:25][DBManager.java:133]           with B as (select CLASS_NAME, max(VERSION_NO) as VERSION_NO from ALMSG where sta_type = '1'  group by CLASS_NAME)                       
 select A.CLASS_NAME, A.SEQNO, A.FLD_KOR_NAME , A.FLD_NAME                                                                               
      , decode(A.TYPE,'4','CHAR','9','CHAR','17','CHAR','25','CHAR','11','ARRAY-S','13','STRUCT-S','14','STRUCT-E','12','ARRAY-E', 'NUM')
      , A.LEN,A.ARRAY_SIZE                                                                                                               
 from ALMSGFLD A, B                                                                                                                      
 where A.CLASS_NAME = B.CLASS_NAME                                                                                                       
   and A.VERSION_NO = B.VERSION_NO                                                                                                       
   and A.CLASS_NAME in ('comm_ap01_req_in', 'ap01_0200_500001_req_in') 
 order by A.CLASS_NAME,A.SEQNO, A.VERSION_NO                                                                                             
(D) [22:23:25][DBManager.java:133]    SELECT R.RES_APPL_CODE, A.APPL_NAME, R.RES_KIND_CODE, K.NAME, R.RES_TX_CODE, T.NAME 
 FROM TCHECKER_RESLINK R, ALAPPL A, ALKIND K, ALTX T                                 
 WHERE R.REQ_APPL_CODE = 'AP01'                                         
   AND R.REQ_KIND_CODE = '0200'                                         
   AND R.REQ_TX_CODE   = '500001'                                         
   AND R.REQ_APPL_CODE = A.APPL_CODE                                                 
   AND R.REQ_APPL_CODE = K.APPL_CODE                                                 
   AND R.REQ_KIND_CODE = K.REP_KIND_CODE                                             
   AND R.REQ_APPL_CODE = T.APPL_CODE                                                 
   AND R.REQ_KIND_CODE = T.REP_KIND_CODE                                             
   AND R.REQ_TX_CODE   = T.TX_CODE                                                   
   AND A.STA_TYPE = 1                                                                
   AND K.STA_TYPE = 1                                                                
   AND T.STA_TYPE = 1                                                                
(D) [22:23:25][DBManager.java:133]  SELECT NVL(INOUT_FLAG,'N'), NVL(MAP_FLAG,'B') 
 FROM TCHECKER_TXDETAIL                         
 Where APPL_CODE    = 'AP01' 
   AND KIND_CODE    = '0200' 
   AND TX_CODE      = '500001' 
(D) [22:23:25][DBManager.java:133]    select  NVL(A.REQ_HEAD_MAPP_CLASS, C.REQ_HEAD_MAPP_CLASS) 
       , NVL(A.RES_HEAD_MAPP_CLASS, C.RES_HEAD_MAPP_CLASS) 
       , A.REQ_BODY_MAPP_CLASS                             
       , A.RES_BODY_MAPP_CLASS                             
 from ALTX A , ALKIND B , ALAPPL C                         
 where A.APPL_CODE = 'AP01'                   
   and A.REP_KIND_CODE = '0200'               
   and A.TX_CODE = '500001'                       
   and A.APPL_CODE = C.APPL_CODE                           
   and A.REP_KIND_CODE = B.REP_KIND_CODE                   
   and B.APPL_CODE = C.APPL_CODE                           
   and A.STA_TYPE = '1'                                    
(D) [22:23:25][DBManager.java:133] select CLASS_NAME,SRC_CLASS_NAME,DST_CLASS_NAME,MAP_NAME from ALTXMAP 
 where  CLASS_NAME in ('comm_ap01_res_map', 'ap01_0200_500001_res_map') 
(D) [22:23:25][DBManager.java:133]           with B as (select CLASS_NAME, max(VERSION_NO) as VERSION_NO from ALMSG where sta_type = '1'  group by CLASS_NAME)                       
 select A.CLASS_NAME, A.SEQNO, A.FLD_KOR_NAME , A.FLD_NAME                                                                               
      , decode(A.TYPE,'4','CHAR','9','CHAR','17','CHAR','25','CHAR','11','ARRAY-S','13','STRUCT-S','14','STRUCT-E','12','ARRAY-E', 'NUM')
      , A.LEN,A.ARRAY_SIZE                                                                                                               
 from ALMSGFLD A, B                                                                                                                      
 where A.CLASS_NAME = B.CLASS_NAME                                                                                                       
   and A.VERSION_NO = B.VERSION_NO                                                                                                       
   and A.CLASS_NAME in ('comm_ap01_res_out', 'ap01_0200_500001_res_out') 
 order by A.CLASS_NAME,A.SEQNO, A.VERSION_NO                                                                                             
(D) [22:23:25][DBManager.java:133]  SELECT APPL_CODE , LU_NAME , CONNECT_TYPE , STA_TYPE, COMM_HEAD_TYPE , COMM_HEAD_SIZE ,         LEN_TYPE  , LEN_OFFST , LEN_SIZE , KIND_OFFSET , KIND_LEN , TX_OFFSET , TX_LEN , KINDTX_GAGAM
 FROM TCHECKER_LINEINFO                                                            
 ORDER BY APPL_CODE , LU_NAME , CONNECT_TYPE                                       
(D) [22:23:27][DBManager.java:133]  SELECT count(*)                           
 FROM TCHECKER_TXDETAIL T, ALTX A        
 Where T.APPL_CODE = 'AP01' 
   and T.MAP_FLAG  = 'H'                 
   and T.APPL_CODE = A.TX_CODE           
   and T.KIND_CODE = A.REP_KIND_CODE     
   and T.TX_CODE   = A.TX_CODE           
(D) [22:23:27][DBManager.java:133] select INST_CODE, SVCNAME from algrp where sta_type = 1 and appl_code = 'AP01' 
(D) [22:23:32][DBManager.java:133]  SELECT a.appl_code, a.url, a.URL_TYPE, g.EB_CPAID, g.EB_FROM_PARTY, g.EB_TO_PARTY, g.EB_SVCNAME, g.REQ_ENCODING, g.RES_ENCODING
 FROM alurl a, algrp g 
 Where a.sta_type = 1  
   and g.sta_type = 1  
   and a.appl_code (+)= g.appl_code
(I) [22:35:13][DBManager.java:57] dbms_driver     = oracle.jdbc.driver.OracleDriver
(I) [22:35:13][DBManager.java:58] dbms_connection = jdbc:oracle:thin:@121.126.79.29:1521:ORCL
(I) [22:35:14][DBManager.java:70] dbms is Connectioned
(D) [22:35:14][DBManager.java:133]  SELECT a.appl_code, a.url, a.URL_TYPE, g.EB_CPAID, g.EB_FROM_PARTY, g.EB_TO_PARTY, g.EB_SVCNAME, g.REQ_ENCODING, g.RES_ENCODING
 FROM alurl a, algrp g 
 Where a.sta_type = 1  
   and g.sta_type = 1  
   and a.appl_code (+)= g.appl_code
(I) [22:35:26][DBManager.java:57] dbms_driver     = oracle.jdbc.driver.OracleDriver
(I) [22:35:26][DBManager.java:58] dbms_connection = jdbc:oracle:thin:@121.126.79.29:1521:ORCL
(I) [22:35:26][DBManager.java:70] dbms is Connectioned
(I) [22:35:34][DBManager.java:57] dbms_driver     = oracle.jdbc.driver.OracleDriver
(I) [22:35:34][DBManager.java:58] dbms_connection = jdbc:oracle:thin:@121.126.79.29:1521:ORCL
(I) [22:35:34][DBManager.java:70] dbms is Connectioned
(D) [22:35:34][DBManager.java:133]  SELECT a.appl_code, a.url, a.URL_TYPE, g.EB_CPAID, g.EB_FROM_PARTY, g.EB_TO_PARTY, g.EB_SVCNAME, g.REQ_ENCODING, g.RES_ENCODING
 FROM alurl a, algrp g 
 Where a.sta_type = 1  
   and g.sta_type = 1  
   and a.appl_code (+)= g.appl_code
(I) [22:59:37][DBManager.java:57] dbms_driver     = oracle.jdbc.driver.OracleDriver
(I) [22:59:37][DBManager.java:58] dbms_connection = jdbc:oracle:thin:@121.126.79.29:1521:ORCL
(I) [22:59:38][DBManager.java:70] dbms is Connectioned
(D) [22:59:38][DBManager.java:133]  SELECT a.appl_code, a.url, a.URL_TYPE, g.EB_CPAID, g.EB_FROM_PARTY, g.EB_TO_PARTY, g.EB_SVCNAME, g.REQ_ENCODING, g.RES_ENCODING
 FROM alurl a, algrp g 
 Where a.sta_type = 1  
   and g.sta_type = 1  
   and a.appl_code (+)= g.appl_code
(D) [23:00:08][DBManager.java:133]  SELECT a.appl_code, a.url, a.URL_TYPE, g.EB_CPAID, g.EB_FROM_PARTY, g.EB_TO_PARTY, g.EB_SVCNAME, g.REQ_ENCODING, g.RES_ENCODING
 FROM alurl a, algrp g 
 Where a.sta_type = 1  
   and g.sta_type = 1  
   and a.appl_code (+)= g.appl_code
(D) [23:00:10][DBManager.java:133]  SELECT 1
 FROM TCHECKER_USER             
 Where USERID = 'user01' 
   and PASSWORD = '1234' 
(D) [23:00:10][DBManager.java:133]  SELECT USERID,PASSWORD,INFO,IP,PERMIT 
 FROM TCHECKER_USER                         
 WHERE USERID = 'user01' 
 ORDER BY USERID 
(D) [23:00:10][DBManager.java:133]    SELECT C.APPL_CODE, C.APPL_NAME, B.REP_KIND_CODE, B.NAME, A.TX_CODE,A.NAME, NVL(T.PERMIT,'N') 
 FROM ALAPPL C, ALTX A, ALKIND B, TCHECKER_PERMIT T                             
 WHERE A.STA_TYPE = 1                                                           
   AND A.APPL_CODE = C.APPL_CODE                                                
   AND A.APPL_CODE = B.APPL_CODE                                                
   AND A.REP_KIND_CODE = B.REP_KIND_CODE                                        
   AND T.USERID (+)= 'user01'                                          
   AND A.APPL_CODE = T.APPL_CODE(+)                                             
   AND A.REP_KIND_CODE = T.KIND_CODE(+)                                         
   AND A.TX_CODE = T.TX_CODE(+)                                                 
 ORDER BY C.APPL_CODE,A.REP_KIND_CODE,A.TX_CODE                                 
(D) [23:00:10][DBManager.java:133]    select x.INOUT_FLAG, t.appl_code, a.appl_name, t.rep_kind_code, k.name, t.tx_code,t.name  
 from altx t, alappl a, alkind k, TCHECKER_TXDETAIL x                                      
 where t.appl_code = a.appl_code                                                           
   and t.rep_kind_code = k.rep_kind_code                                                   
   and t.appl_code = x.appl_code                                                           
   and t.appl_code = x.appl_code                                                           
   and t.tx_code = x.tx_code                                                               
   and t.rep_kind_code = x.kind_code                                                       
   and t.appl_code = k.appl_code                                                           
   and t.sta_type = 1                                                                      
   and a.sta_type = 1                                                                      
   and k.sta_type = 1                                                                      
   and t.appl_code not in (select u.appl_code from alurl u where u.sta_type = 1)           
 group by x.INOUT_FLAG,t.appl_code, a.appl_name, t.rep_kind_code, k.name, t.tx_code,t.name 
 order by x.INOUT_FLAG,t.appl_code, a.appl_name, t.rep_kind_code, k.name, t.tx_code,t.name 
(D) [23:00:10][DBManager.java:133]    SELECT C.APPL_CODE, C.APPL_NAME, B.REP_KIND_CODE, B.NAME, A.TX_CODE,A.NAME, NVL(T.PERMIT,'N') 
 FROM ALAPPL C, ALTX A, ALKIND B, TCHECKER_PERMIT T                             
 WHERE A.STA_TYPE = 1                                                           
   AND A.APPL_CODE = C.APPL_CODE                                                
   AND A.APPL_CODE = B.APPL_CODE                                                
   AND A.REP_KIND_CODE = B.REP_KIND_CODE                                        
   AND T.USERID (+)= 'user01'                                          
   AND A.APPL_CODE = T.APPL_CODE(+)                                             
   AND A.REP_KIND_CODE = T.KIND_CODE(+)                                         
   AND A.TX_CODE = T.TX_CODE(+)                                                 
 ORDER BY C.APPL_CODE,A.REP_KIND_CODE,A.TX_CODE                                 
(D) [23:00:10][DBManager.java:133]    select u.url_type, t.appl_code, a.appl_name, t.rep_kind_code, k.name, t.tx_code,t.name    
 from altx t, alurl u, alappl a, alkind k                                                  
 where t.appl_code = u.appl_code                                                           
   and t.appl_code = a.appl_code                                                           
   and t.rep_kind_code = k.rep_kind_code                                                   
   and t.appl_code = k.appl_code                                                           
   and t.sta_type = 1                                                                      
   and a.sta_type = 1                                                                      
   and k.sta_type = 1                                                                      
   and u.sta_type = 1                                                                      
 group by u.url_type, t.appl_code, a.appl_name, t.rep_kind_code, k.name, t.tx_code,t.name  
 order by u.url_type, t.appl_code, a.appl_name, t.rep_kind_code, k.name, t.tx_code,t.name  
(D) [23:00:16][DBManager.java:133]  SELECT count(*)                           
 FROM TCHECKER_TXDETAIL T, ALTX A        
 Where T.APPL_CODE = 'AP01' 
   and T.MAP_FLAG  = 'H'                 
   and T.APPL_CODE = A.TX_CODE           
   and T.KIND_CODE = A.REP_KIND_CODE     
   and T.TX_CODE   = A.TX_CODE           
(I) [23:05:12][DBManager.java:57] dbms_driver     = oracle.jdbc.driver.OracleDriver
(I) [23:05:12][DBManager.java:58] dbms_connection = jdbc:oracle:thin:@121.126.79.29:1521:ORCL
(E) [23:05:22][DBManager.java:74] IO 오류: The Network Adapter could not establish the connection[23:05:22]oracle.jdbc.driver.T4CConnection.logon(T4CConnection.java:673)
[23:05:22]oracle.jdbc.driver.PhysicalConnection.<init>(PhysicalConnection.java:711)
[23:05:22]oracle.jdbc.driver.T4CConnection.<init>(T4CConnection.java:385)
[23:05:22]oracle.jdbc.driver.T4CDriverExtension.getConnection(T4CDriverExtension.java:30)
[23:05:22]oracle.jdbc.driver.OracleDriver.connect(OracleDriver.java:558)
[23:05:22]java.sql.DriverManager.getConnection(DriverManager.java:582)
[23:05:22]java.sql.DriverManager.getConnection(DriverManager.java:185)
[23:05:22]TCheckServer.DBMS.DBManager.ServerDBConnection(DBManager.java:63)
[23:05:22]TCheckServer.Engine.ICheckStart.main(ICheckStart.java:34)

java.sql.SQLRecoverableException: IO 오류: The Network Adapter could not establish the connection
	at oracle.jdbc.driver.T4CConnection.logon(T4CConnection.java:673)
	at oracle.jdbc.driver.PhysicalConnection.<init>(PhysicalConnection.java:711)
	at oracle.jdbc.driver.T4CConnection.<init>(T4CConnection.java:385)
	at oracle.jdbc.driver.T4CDriverExtension.getConnection(T4CDriverExtension.java:30)
	at oracle.jdbc.driver.OracleDriver.connect(OracleDriver.java:558)
	at java.sql.DriverManager.getConnection(DriverManager.java:582)
	at java.sql.DriverManager.getConnection(DriverManager.java:185)
	at TCheckServer.DBMS.DBManager.ServerDBConnection(DBManager.java:63)
	at TCheckServer.Engine.ICheckStart.main(ICheckStart.java:34)
Caused by: oracle.net.ns.NetException: The Network Adapter could not establish the connection
	at oracle.net.nt.ConnStrategy.execute(ConnStrategy.java:445)
	at oracle.net.resolver.AddrResolution.resolveAndExecute(AddrResolution.java:464)
	at oracle.net.ns.NSProtocol.establishConnection(NSProtocol.java:594)
	at oracle.net.ns.NSProtocol.connect(NSProtocol.java:229)
	at oracle.jdbc.driver.T4CConnection.connect(T4CConnection.java:1360)
	at oracle.jdbc.driver.T4CConnection.logon(T4CConnection.java:486)
	... 8 more
Caused by: java.net.SocketTimeoutException: connect timed out
	at java.net.PlainSocketImpl.socketConnect(Native Method)
	at java.net.PlainSocketImpl.doConnect(PlainSocketImpl.java:351)
	at java.net.PlainSocketImpl.connectToAddress(PlainSocketImpl.java:213)
	at java.net.PlainSocketImpl.connect(PlainSocketImpl.java:200)
	at java.net.SocksSocketImpl.connect(SocksSocketImpl.java:366)
	at java.net.Socket.connect(Socket.java:529)
	at oracle.net.nt.TcpNTAdapter.connect(TcpNTAdapter.java:162)
	at oracle.net.nt.ConnOption.connect(ConnOption.java:133)
	at oracle.net.nt.ConnStrategy.execute(ConnStrategy.java:411)
	... 13 more
(I) [23:05:45][DBManager.java:57] dbms_driver     = oracle.jdbc.driver.OracleDriver
(I) [23:05:45][DBManager.java:58] dbms_connection = jdbc:oracle:thin:@121.126.79.29:1521:ORCL
(E) [23:05:55][DBManager.java:74] IO 오류: The Network Adapter could not establish the connection[23:05:55]oracle.jdbc.driver.T4CConnection.logon(T4CConnection.java:673)
[23:05:55]oracle.jdbc.driver.PhysicalConnection.<init>(PhysicalConnection.java:711)
[23:05:55]oracle.jdbc.driver.T4CConnection.<init>(T4CConnection.java:385)
[23:05:55]oracle.jdbc.driver.T4CDriverExtension.getConnection(T4CDriverExtension.java:30)
[23:05:55]oracle.jdbc.driver.OracleDriver.connect(OracleDriver.java:558)
[23:05:55]java.sql.DriverManager.getConnection(DriverManager.java:582)
[23:05:55]java.sql.DriverManager.getConnection(DriverManager.java:185)
[23:05:55]TCheckServer.DBMS.DBManager.ServerDBConnection(DBManager.java:63)
[23:05:55]TCheckServer.Engine.ICheckStart.main(ICheckStart.java:34)

java.sql.SQLRecoverableException: IO 오류: The Network Adapter could not establish the connection
	at oracle.jdbc.driver.T4CConnection.logon(T4CConnection.java:673)
	at oracle.jdbc.driver.PhysicalConnection.<init>(PhysicalConnection.java:711)
	at oracle.jdbc.driver.T4CConnection.<init>(T4CConnection.java:385)
	at oracle.jdbc.driver.T4CDriverExtension.getConnection(T4CDriverExtension.java:30)
	at oracle.jdbc.driver.OracleDriver.connect(OracleDriver.java:558)
	at java.sql.DriverManager.getConnection(DriverManager.java:582)
	at java.sql.DriverManager.getConnection(DriverManager.java:185)
	at TCheckServer.DBMS.DBManager.ServerDBConnection(DBManager.java:63)
	at TCheckServer.Engine.ICheckStart.main(ICheckStart.java:34)
Caused by: oracle.net.ns.NetException: The Network Adapter could not establish the connection
	at oracle.net.nt.ConnStrategy.execute(ConnStrategy.java:445)
	at oracle.net.resolver.AddrResolution.resolveAndExecute(AddrResolution.java:464)
	at oracle.net.ns.NSProtocol.establishConnection(NSProtocol.java:594)
	at oracle.net.ns.NSProtocol.connect(NSProtocol.java:229)
	at oracle.jdbc.driver.T4CConnection.connect(T4CConnection.java:1360)
	at oracle.jdbc.driver.T4CConnection.logon(T4CConnection.java:486)
	... 8 more
Caused by: java.net.SocketTimeoutException: connect timed out
	at java.net.PlainSocketImpl.socketConnect(Native Method)
	at java.net.PlainSocketImpl.doConnect(PlainSocketImpl.java:351)
	at java.net.PlainSocketImpl.connectToAddress(PlainSocketImpl.java:213)
	at java.net.PlainSocketImpl.connect(PlainSocketImpl.java:200)
	at java.net.SocksSocketImpl.connect(SocksSocketImpl.java:366)
	at java.net.Socket.connect(Socket.java:529)
	at oracle.net.nt.TcpNTAdapter.connect(TcpNTAdapter.java:162)
	at oracle.net.nt.ConnOption.connect(ConnOption.java:133)
	at oracle.net.nt.ConnStrategy.execute(ConnStrategy.java:411)
	... 13 more
(I) [23:07:29][DBManager.java:57] dbms_driver     = oracle.jdbc.driver.OracleDriver
(I) [23:07:29][DBManager.java:58] dbms_connection = jdbc:oracle:thin:@121.126.79.29:1521:ORCL
(I) [23:07:29][DBManager.java:70] dbms is Connectioned
(D) [23:07:29][DBManager.java:133]  SELECT a.appl_code, a.url, a.URL_TYPE, g.EB_CPAID, g.EB_FROM_PARTY, g.EB_TO_PARTY, g.EB_SVCNAME, g.REQ_ENCODING, g.RES_ENCODING
 FROM alurl a, algrp g 
 Where a.sta_type = 1  
   and g.sta_type = 1  
   and a.appl_code (+)= g.appl_code
(D) [23:07:34][DBManager.java:133]  SELECT count(*)                           
 FROM TCHECKER_TXDETAIL T, ALTX A        
 Where T.APPL_CODE = 'AP01' 
   and T.MAP_FLAG  = 'H'                 
   and T.APPL_CODE = A.TX_CODE           
   and T.KIND_CODE = A.REP_KIND_CODE     
   and T.TX_CODE   = A.TX_CODE           
(I) [23:08:00][DBManager.java:57] dbms_driver     = oracle.jdbc.driver.OracleDriver
(I) [23:08:00][DBManager.java:58] dbms_connection = jdbc:oracle:thin:@121.126.79.29:1521:ORCL
(E) [23:08:10][DBManager.java:74] IO 오류: The Network Adapter could not establish the connection[23:08:10]oracle.jdbc.driver.T4CConnection.logon(T4CConnection.java:673)
[23:08:10]oracle.jdbc.driver.PhysicalConnection.<init>(PhysicalConnection.java:711)
[23:08:10]oracle.jdbc.driver.T4CConnection.<init>(T4CConnection.java:385)
[23:08:10]oracle.jdbc.driver.T4CDriverExtension.getConnection(T4CDriverExtension.java:30)
[23:08:10]oracle.jdbc.driver.OracleDriver.connect(OracleDriver.java:558)
[23:08:10]java.sql.DriverManager.getConnection(DriverManager.java:582)
[23:08:10]java.sql.DriverManager.getConnection(DriverManager.java:185)
[23:08:10]TCheckServer.DBMS.DBManager.ServerDBConnection(DBManager.java:63)
[23:08:10]TCheckServer.Engine.ICheckStart.main(ICheckStart.java:34)

java.sql.SQLRecoverableException: IO 오류: The Network Adapter could not establish the connection
	at oracle.jdbc.driver.T4CConnection.logon(T4CConnection.java:673)
	at oracle.jdbc.driver.PhysicalConnection.<init>(PhysicalConnection.java:711)
	at oracle.jdbc.driver.T4CConnection.<init>(T4CConnection.java:385)
	at oracle.jdbc.driver.T4CDriverExtension.getConnection(T4CDriverExtension.java:30)
	at oracle.jdbc.driver.OracleDriver.connect(OracleDriver.java:558)
	at java.sql.DriverManager.getConnection(DriverManager.java:582)
	at java.sql.DriverManager.getConnection(DriverManager.java:185)
	at TCheckServer.DBMS.DBManager.ServerDBConnection(DBManager.java:63)
	at TCheckServer.Engine.ICheckStart.main(ICheckStart.java:34)
Caused by: oracle.net.ns.NetException: The Network Adapter could not establish the connection
	at oracle.net.nt.ConnStrategy.execute(ConnStrategy.java:445)
	at oracle.net.resolver.AddrResolution.resolveAndExecute(AddrResolution.java:464)
	at oracle.net.ns.NSProtocol.establishConnection(NSProtocol.java:594)
	at oracle.net.ns.NSProtocol.connect(NSProtocol.java:229)
	at oracle.jdbc.driver.T4CConnection.connect(T4CConnection.java:1360)
	at oracle.jdbc.driver.T4CConnection.logon(T4CConnection.java:486)
	... 8 more
Caused by: java.net.SocketTimeoutException: connect timed out
	at java.net.PlainSocketImpl.socketConnect(Native Method)
	at java.net.PlainSocketImpl.doConnect(PlainSocketImpl.java:351)
	at java.net.PlainSocketImpl.connectToAddress(PlainSocketImpl.java:213)
	at java.net.PlainSocketImpl.connect(PlainSocketImpl.java:200)
	at java.net.SocksSocketImpl.connect(SocksSocketImpl.java:366)
	at java.net.Socket.connect(Socket.java:529)
	at oracle.net.nt.TcpNTAdapter.connect(TcpNTAdapter.java:162)
	at oracle.net.nt.ConnOption.connect(ConnOption.java:133)
	at oracle.net.nt.ConnStrategy.execute(ConnStrategy.java:411)
	... 13 more
(I) [23:08:17][DBManager.java:57] dbms_driver     = oracle.jdbc.driver.OracleDriver
(I) [23:08:17][DBManager.java:58] dbms_connection = jdbc:oracle:thin:@121.126.79.29:1521:ORCL
(E) [23:08:27][DBManager.java:74] IO 오류: The Network Adapter could not establish the connection[23:08:27]oracle.jdbc.driver.T4CConnection.logon(T4CConnection.java:673)
[23:08:27]oracle.jdbc.driver.PhysicalConnection.<init>(PhysicalConnection.java:711)
[23:08:27]oracle.jdbc.driver.T4CConnection.<init>(T4CConnection.java:385)
[23:08:27]oracle.jdbc.driver.T4CDriverExtension.getConnection(T4CDriverExtension.java:30)
[23:08:27]oracle.jdbc.driver.OracleDriver.connect(OracleDriver.java:558)
[23:08:27]java.sql.DriverManager.getConnection(DriverManager.java:582)
[23:08:27]java.sql.DriverManager.getConnection(DriverManager.java:185)
[23:08:27]TCheckServer.DBMS.DBManager.ServerDBConnection(DBManager.java:63)
[23:08:27]TCheckServer.Engine.ICheckStart.main(ICheckStart.java:34)

java.sql.SQLRecoverableException: IO 오류: The Network Adapter could not establish the connection
	at oracle.jdbc.driver.T4CConnection.logon(T4CConnection.java:673)
	at oracle.jdbc.driver.PhysicalConnection.<init>(PhysicalConnection.java:711)
	at oracle.jdbc.driver.T4CConnection.<init>(T4CConnection.java:385)
	at oracle.jdbc.driver.T4CDriverExtension.getConnection(T4CDriverExtension.java:30)
	at oracle.jdbc.driver.OracleDriver.connect(OracleDriver.java:558)
	at java.sql.DriverManager.getConnection(DriverManager.java:582)
	at java.sql.DriverManager.getConnection(DriverManager.java:185)
	at TCheckServer.DBMS.DBManager.ServerDBConnection(DBManager.java:63)
	at TCheckServer.Engine.ICheckStart.main(ICheckStart.java:34)
Caused by: oracle.net.ns.NetException: The Network Adapter could not establish the connection
	at oracle.net.nt.ConnStrategy.execute(ConnStrategy.java:445)
	at oracle.net.resolver.AddrResolution.resolveAndExecute(AddrResolution.java:464)
	at oracle.net.ns.NSProtocol.establishConnection(NSProtocol.java:594)
	at oracle.net.ns.NSProtocol.connect(NSProtocol.java:229)
	at oracle.jdbc.driver.T4CConnection.connect(T4CConnection.java:1360)
	at oracle.jdbc.driver.T4CConnection.logon(T4CConnection.java:486)
	... 8 more
Caused by: java.net.SocketTimeoutException: connect timed out
	at java.net.PlainSocketImpl.socketConnect(Native Method)
	at java.net.PlainSocketImpl.doConnect(PlainSocketImpl.java:351)
	at java.net.PlainSocketImpl.connectToAddress(PlainSocketImpl.java:213)
	at java.net.PlainSocketImpl.connect(PlainSocketImpl.java:200)
	at java.net.SocksSocketImpl.connect(SocksSocketImpl.java:366)
	at java.net.Socket.connect(Socket.java:529)
	at oracle.net.nt.TcpNTAdapter.connect(TcpNTAdapter.java:162)
	at oracle.net.nt.ConnOption.connect(ConnOption.java:133)
	at oracle.net.nt.ConnStrategy.execute(ConnStrategy.java:411)
	... 13 more
(I) [23:10:46][DBManager.java:57] dbms_driver     = oracle.jdbc.driver.OracleDriver
(I) [23:10:46][DBManager.java:58] dbms_connection = jdbc:oracle:thin:@121.126.79.29:1521:ORCL
(I) [23:10:55][DBManager.java:70] dbms is Connectioned
(D) [23:10:55][DBManager.java:133]  SELECT a.appl_code, a.url, a.URL_TYPE, g.EB_CPAID, g.EB_FROM_PARTY, g.EB_TO_PARTY, g.EB_SVCNAME, g.REQ_ENCODING, g.RES_ENCODING
 FROM alurl a, algrp g 
 Where a.sta_type = 1  
   and g.sta_type = 1  
   and a.appl_code (+)= g.appl_code
(D) [23:11:11][DBManager.java:133]  SELECT 1
 FROM TCHECKER_USER             
 Where USERID = 'user01' 
   and PASSWORD = '1234' 
(I) [23:11:25][DBManager.java:57] dbms_driver     = oracle.jdbc.driver.OracleDriver
(I) [23:11:25][DBManager.java:58] dbms_connection = jdbc:oracle:thin:@121.126.79.29:1521:ORCL
(I) [23:11:25][DBManager.java:70] dbms is Connectioned
(D) [23:11:25][DBManager.java:133]  SELECT a.appl_code, a.url, a.URL_TYPE, g.EB_CPAID, g.EB_FROM_PARTY, g.EB_TO_PARTY, g.EB_SVCNAME, g.REQ_ENCODING, g.RES_ENCODING
 FROM alurl a, algrp g 
 Where a.sta_type = 1  
   and g.sta_type = 1  
   and a.appl_code (+)= g.appl_code
(I) [23:11:27][DBManager.java:57] dbms_driver     = oracle.jdbc.driver.OracleDriver
(I) [23:11:27][DBManager.java:58] dbms_connection = jdbc:oracle:thin:@121.126.79.29:1521:ORCL
(I) [23:11:27][DBManager.java:70] dbms is Connectioned
(D) [23:11:40][DBManager.java:133]  SELECT 1
 FROM TCHECKER_USER             
 Where USERID = 'user01' 
   and PASSWORD = '1234' 
(D) [23:11:40][DBManager.java:133]  SELECT USERID,PASSWORD,INFO,IP,PERMIT 
 FROM TCHECKER_USER                         
 WHERE USERID = 'user01' 
 ORDER BY USERID 
(D) [23:11:40][DBManager.java:133]    SELECT C.APPL_CODE, C.APPL_NAME, B.REP_KIND_CODE, B.NAME, A.TX_CODE,A.NAME, NVL(T.PERMIT,'N') 
 FROM ALAPPL C, ALTX A, ALKIND B, TCHECKER_PERMIT T                             
 WHERE A.STA_TYPE = 1                                                           
   AND A.APPL_CODE = C.APPL_CODE                                                
   AND A.APPL_CODE = B.APPL_CODE                                                
   AND A.REP_KIND_CODE = B.REP_KIND_CODE                                        
   AND T.USERID (+)= 'user01'                                          
   AND A.APPL_CODE = T.APPL_CODE(+)                                             
   AND A.REP_KIND_CODE = T.KIND_CODE(+)                                         
   AND A.TX_CODE = T.TX_CODE(+)                                                 
 ORDER BY C.APPL_CODE,A.REP_KIND_CODE,A.TX_CODE                                 
(D) [23:11:40][DBManager.java:133]    select x.INOUT_FLAG, t.appl_code, a.appl_name, t.rep_kind_code, k.name, t.tx_code,t.name  
 from altx t, alappl a, alkind k, TCHECKER_TXDETAIL x                                      
 where t.appl_code = a.appl_code                                                           
   and t.rep_kind_code = k.rep_kind_code                                                   
   and t.appl_code = x.appl_code                                                           
   and t.appl_code = x.appl_code                                                           
   and t.tx_code = x.tx_code                                                               
   and t.rep_kind_code = x.kind_code                                                       
   and t.appl_code = k.appl_code                                                           
   and t.sta_type = 1                                                                      
   and a.sta_type = 1                                                                      
   and k.sta_type = 1                                                                      
   and t.appl_code not in (select u.appl_code from alurl u where u.sta_type = 1)           
 group by x.INOUT_FLAG,t.appl_code, a.appl_name, t.rep_kind_code, k.name, t.tx_code,t.name 
 order by x.INOUT_FLAG,t.appl_code, a.appl_name, t.rep_kind_code, k.name, t.tx_code,t.name 
(D) [23:11:40][DBManager.java:133]    SELECT C.APPL_CODE, C.APPL_NAME, B.REP_KIND_CODE, B.NAME, A.TX_CODE,A.NAME, NVL(T.PERMIT,'N') 
 FROM ALAPPL C, ALTX A, ALKIND B, TCHECKER_PERMIT T                             
 WHERE A.STA_TYPE = 1                                                           
   AND A.APPL_CODE = C.APPL_CODE                                                
   AND A.APPL_CODE = B.APPL_CODE                                                
   AND A.REP_KIND_CODE = B.REP_KIND_CODE                                        
   AND T.USERID (+)= 'user01'                                          
   AND A.APPL_CODE = T.APPL_CODE(+)                                             
   AND A.REP_KIND_CODE = T.KIND_CODE(+)                                         
   AND A.TX_CODE = T.TX_CODE(+)                                                 
 ORDER BY C.APPL_CODE,A.REP_KIND_CODE,A.TX_CODE                                 
(D) [23:11:40][DBManager.java:133]    select u.url_type, t.appl_code, a.appl_name, t.rep_kind_code, k.name, t.tx_code,t.name    
 from altx t, alurl u, alappl a, alkind k                                                  
 where t.appl_code = u.appl_code                                                           
   and t.appl_code = a.appl_code                                                           
   and t.rep_kind_code = k.rep_kind_code                                                   
   and t.appl_code = k.appl_code                                                           
   and t.sta_type = 1                                                                      
   and a.sta_type = 1                                                                      
   and k.sta_type = 1                                                                      
   and u.sta_type = 1                                                                      
 group by u.url_type, t.appl_code, a.appl_name, t.rep_kind_code, k.name, t.tx_code,t.name  
 order by u.url_type, t.appl_code, a.appl_name, t.rep_kind_code, k.name, t.tx_code,t.name  
(D) [23:11:46][DBManager.java:133]  SELECT count(*)                           
 FROM TCHECKER_TXDETAIL T, ALTX A        
 Where T.APPL_CODE = 'AP01' 
   and T.MAP_FLAG  = 'H'                 
   and T.APPL_CODE = A.TX_CODE           
   and T.KIND_CODE = A.REP_KIND_CODE     
   and T.TX_CODE   = A.TX_CODE           
(I) [23:14:18][DBManager.java:57] dbms_driver     = oracle.jdbc.driver.OracleDriver
(I) [23:14:18][DBManager.java:58] dbms_connection = jdbc:oracle:thin:@121.126.79.29:1521:ORCL
(I) [23:14:18][DBManager.java:70] dbms is Connectioned
(D) [23:14:18][DBManager.java:133]  SELECT a.appl_code, a.url, a.URL_TYPE, g.EB_CPAID, g.EB_FROM_PARTY, g.EB_TO_PARTY, g.EB_SVCNAME, g.REQ_ENCODING, g.RES_ENCODING
 FROM alurl a, algrp g 
 Where a.sta_type = 1  
   and g.sta_type = 1  
   and a.appl_code (+)= g.appl_code
(D) [23:14:23][DBManager.java:133]  SELECT count(*)                           
 FROM TCHECKER_TXDETAIL T, ALTX A        
 Where T.APPL_CODE = 'AP01' 
   and T.MAP_FLAG  = 'H'                 
   and T.APPL_CODE = A.TX_CODE           
   and T.KIND_CODE = A.REP_KIND_CODE     
   and T.TX_CODE   = A.TX_CODE           
(I) [23:14:57][DBManager.java:57] dbms_driver     = oracle.jdbc.driver.OracleDriver
(I) [23:14:57][DBManager.java:58] dbms_connection = jdbc:oracle:thin:@121.126.79.29:1521:ORCL
(I) [23:15:07][DBManager.java:70] dbms is Connectioned
(D) [23:15:07][DBManager.java:133]  SELECT a.appl_code, a.url, a.URL_TYPE, g.EB_CPAID, g.EB_FROM_PARTY, g.EB_TO_PARTY, g.EB_SVCNAME, g.REQ_ENCODING, g.RES_ENCODING
 FROM alurl a, algrp g 
 Where a.sta_type = 1  
   and g.sta_type = 1  
   and a.appl_code (+)= g.appl_code
(D) [23:15:09][DBManager.java:133]  SELECT count(*)                           
 FROM TCHECKER_TXDETAIL T, ALTX A        
 Where T.APPL_CODE = 'AP01' 
   and T.MAP_FLAG  = 'H'                 
   and T.APPL_CODE = A.TX_CODE           
   and T.KIND_CODE = A.REP_KIND_CODE     
   and T.TX_CODE   = A.TX_CODE           
(D) [23:15:37][DBManager.java:133]  SELECT a.appl_code, a.url, a.URL_TYPE, g.EB_CPAID, g.EB_FROM_PARTY, g.EB_TO_PARTY, g.EB_SVCNAME, g.REQ_ENCODING, g.RES_ENCODING
 FROM alurl a, algrp g 
 Where a.sta_type = 1  
   and g.sta_type = 1  
   and a.appl_code (+)= g.appl_code
(I) [23:15:44][DBManager.java:57] dbms_driver     = oracle.jdbc.driver.OracleDriver
(I) [23:15:44][DBManager.java:57] dbms_driver     = oracle.jdbc.driver.OracleDriver
(I) [23:15:44][DBManager.java:58] dbms_connection = jdbc:oracle:thin:@121.126.79.29:1521:ORCL
(I) [23:15:44][DBManager.java:58] dbms_connection = jdbc:oracle:thin:@121.126.79.29:1521:ORCL
(I) [23:15:44][DBManager.java:70] dbms is Connectioned
(I) [23:15:44][DBManager.java:70] dbms is Connectioned
(I) [23:20:14][DBManager.java:57] dbms_driver     = oracle.jdbc.driver.OracleDriver
(I) [23:20:14][DBManager.java:58] dbms_connection = jdbc:oracle:thin:@121.126.79.29:1521:ORCL
(I) [23:20:14][DBManager.java:70] dbms is Connectioned
(D) [23:20:14][DBManager.java:133]  SELECT a.appl_code, a.url, a.URL_TYPE, g.EB_CPAID, g.EB_FROM_PARTY, g.EB_TO_PARTY, g.EB_SVCNAME, g.REQ_ENCODING, g.RES_ENCODING
 FROM alurl a, algrp g 
 Where a.sta_type = 1  
   and g.sta_type = 1  
   and a.appl_code (+)= g.appl_code
(D) [23:20:24][DBManager.java:133]  SELECT count(*)                           
 FROM TCHECKER_TXDETAIL T, ALTX A        
 Where T.APPL_CODE = 'AP01' 
   and T.MAP_FLAG  = 'H'                 
   and T.APPL_CODE = A.TX_CODE           
   and T.KIND_CODE = A.REP_KIND_CODE     
   and T.TX_CODE   = A.TX_CODE           
(I) [23:20:31][DBManager.java:57] dbms_driver     = oracle.jdbc.driver.OracleDriver
(I) [23:20:31][DBManager.java:58] dbms_connection = jdbc:oracle:thin:@121.126.79.29:1521:ORCL
(I) [23:20:31][DBManager.java:57] dbms_driver     = oracle.jdbc.driver.OracleDriver
(I) [23:20:31][DBManager.java:58] dbms_connection = jdbc:oracle:thin:@121.126.79.29:1521:ORCL
(I) [23:20:31][DBManager.java:70] dbms is Connectioned
(I) [23:20:31][DBManager.java:70] dbms is Connectioned
(D) [23:20:45][DBManager.java:133]  SELECT a.appl_code, a.url, a.URL_TYPE, g.EB_CPAID, g.EB_FROM_PARTY, g.EB_TO_PARTY, g.EB_SVCNAME, g.REQ_ENCODING, g.RES_ENCODING
 FROM alurl a, algrp g 
 Where a.sta_type = 1  
   and g.sta_type = 1  
   and a.appl_code (+)= g.appl_code
(D) [23:21:15][DBManager.java:133]  SELECT a.appl_code, a.url, a.URL_TYPE, g.EB_CPAID, g.EB_FROM_PARTY, g.EB_TO_PARTY, g.EB_SVCNAME, g.REQ_ENCODING, g.RES_ENCODING
 FROM alurl a, algrp g 
 Where a.sta_type = 1  
   and g.sta_type = 1  
   and a.appl_code (+)= g.appl_code
(I) [23:21:36][DBManager.java:57] dbms_driver     = oracle.jdbc.driver.OracleDriver
(I) [23:21:36][DBManager.java:58] dbms_connection = jdbc:oracle:thin:@121.126.79.29:1521:ORCL
(I) [23:21:36][DBManager.java:70] dbms is Connectioned
(D) [23:21:45][DBManager.java:133]  SELECT a.appl_code, a.url, a.URL_TYPE, g.EB_CPAID, g.EB_FROM_PARTY, g.EB_TO_PARTY, g.EB_SVCNAME, g.REQ_ENCODING, g.RES_ENCODING
 FROM alurl a, algrp g 
 Where a.sta_type = 1  
   and g.sta_type = 1  
   and a.appl_code (+)= g.appl_code
(I) [23:21:51][DBManager.java:57] dbms_driver     = oracle.jdbc.driver.OracleDriver
(I) [23:21:51][DBManager.java:58] dbms_connection = jdbc:oracle:thin:@121.126.79.29:1521:ORCL
(I) [23:21:51][DBManager.java:70] dbms is Connectioned
(D) [23:21:51][DBManager.java:133]  SELECT a.appl_code, a.url, a.URL_TYPE, g.EB_CPAID, g.EB_FROM_PARTY, g.EB_TO_PARTY, g.EB_SVCNAME, g.REQ_ENCODING, g.RES_ENCODING
 FROM alurl a, algrp g 
 Where a.sta_type = 1  
   and g.sta_type = 1  
   and a.appl_code (+)= g.appl_code
(D) [23:21:59][DBManager.java:133]    SELECT R.RES_APPL_CODE, A.APPL_NAME, R.RES_KIND_CODE, K.NAME, R.RES_TX_CODE, T.NAME 
 FROM TCHECKER_RESLINK R, ALAPPL A, ALKIND K, ALTX T                                 
 WHERE R.REQ_APPL_CODE = 'AP01'                                         
   AND R.REQ_KIND_CODE = '0200'                                         
   AND R.REQ_TX_CODE   = '500002'                                         
   AND R.REQ_APPL_CODE = A.APPL_CODE                                                 
   AND R.REQ_APPL_CODE = K.APPL_CODE                                                 
   AND R.REQ_KIND_CODE = K.REP_KIND_CODE                                             
   AND R.REQ_APPL_CODE = T.APPL_CODE                                                 
   AND R.REQ_KIND_CODE = T.REP_KIND_CODE                                             
   AND R.REQ_TX_CODE   = T.TX_CODE                                                   
   AND A.STA_TYPE = 1                                                                
   AND K.STA_TYPE = 1                                                                
   AND T.STA_TYPE = 1                                                                
(D) [23:22:22][DBManager.java:133]  SELECT a.appl_code, a.url, a.URL_TYPE, g.EB_CPAID, g.EB_FROM_PARTY, g.EB_TO_PARTY, g.EB_SVCNAME, g.REQ_ENCODING, g.RES_ENCODING
 FROM alurl a, algrp g 
 Where a.sta_type = 1  
   and g.sta_type = 1  
   and a.appl_code (+)= g.appl_code
(D) [23:22:22][DBManager.java:133]  SELECT NVL(INOUT_FLAG,'N'), NVL(MAP_FLAG,'B') 
 FROM TCHECKER_TXDETAIL                         
 Where APPL_CODE    = 'AP01' 
   AND KIND_CODE    = '0200' 
   AND TX_CODE      = '500002' 
(I) [23:22:29][DBManager.java:57] dbms_driver     = oracle.jdbc.driver.OracleDriver
(I) [23:22:29][DBManager.java:57] dbms_driver     = oracle.jdbc.driver.OracleDriver
(I) [23:22:29][DBManager.java:58] dbms_connection = jdbc:oracle:thin:@121.126.79.29:1521:ORCL
(I) [23:22:29][DBManager.java:57] dbms_driver     = oracle.jdbc.driver.OracleDriver
(I) [23:22:29][DBManager.java:58] dbms_connection = jdbc:oracle:thin:@121.126.79.29:1521:ORCL
(I) [23:22:29][DBManager.java:58] dbms_connection = jdbc:oracle:thin:@121.126.79.29:1521:ORCL
(I) [23:22:29][DBManager.java:70] dbms is Connectioned
(I) [23:22:29][DBManager.java:70] dbms is Connectioned
(D) [23:22:29][DBManager.java:133]    select  NVL(A.REQ_HEAD_MAPP_CLASS, C.REQ_HEAD_MAPP_CLASS) 
       , NVL(A.RES_HEAD_MAPP_CLASS, C.RES_HEAD_MAPP_CLASS) 
       , A.REQ_BODY_MAPP_CLASS                             
       , A.RES_BODY_MAPP_CLASS                             
 from ALTX A , ALKIND B , ALAPPL C                         
 where A.APPL_CODE = 'AP01'                   
   and A.REP_KIND_CODE = '0200'               
   and A.TX_CODE = '500002'                       
   and A.APPL_CODE = C.APPL_CODE                           
   and A.REP_KIND_CODE = B.REP_KIND_CODE                   
   and B.APPL_CODE = C.APPL_CODE                           
   and A.STA_TYPE = '1'                                    
(I) [23:22:29][DBManager.java:70] dbms is Connectioned
(D) [23:22:29][DBManager.java:133] select CLASS_NAME,SRC_CLASS_NAME,DST_CLASS_NAME,MAP_NAME from ALTXMAP 
 where  CLASS_NAME in ('comm_ap01_res_map', 'ap01_0200_500002_res_map') 
(D) [23:22:29][DBManager.java:133]           with B as (select CLASS_NAME, max(VERSION_NO) as VERSION_NO from ALMSG where sta_type = '1'  group by CLASS_NAME)                       
 select A.CLASS_NAME, A.SEQNO, A.FLD_KOR_NAME , A.FLD_NAME                                                                               
      , decode(A.TYPE,'4','CHAR','9','CHAR','17','CHAR','25','CHAR','11','ARRAY-S','13','STRUCT-S','14','STRUCT-E','12','ARRAY-E', 'NUM')
      , A.LEN,A.ARRAY_SIZE                                                                                                               
 from ALMSGFLD A, B                                                                                                                      
 where A.CLASS_NAME = B.CLASS_NAME                                                                                                       
   and A.VERSION_NO = B.VERSION_NO                                                                                                       
   and A.CLASS_NAME in ('comm_ap01_res_out', 'ta1_0200_100004_res_out') 
 order by A.CLASS_NAME,A.SEQNO, A.VERSION_NO                                                                                             
(D) [23:22:59][DBManager.java:133]  SELECT a.appl_code, a.url, a.URL_TYPE, g.EB_CPAID, g.EB_FROM_PARTY, g.EB_TO_PARTY, g.EB_SVCNAME, g.REQ_ENCODING, g.RES_ENCODING
 FROM alurl a, algrp g 
 Where a.sta_type = 1  
   and g.sta_type = 1  
   and a.appl_code (+)= g.appl_code
